<?xml version="1.0" encoding="UTF-8"?>
<!-- Generated by org.testng.reporters.JUnitXMLReporter -->
<testsuite ignored="0" hostname="EC2AMAZ-S11DBRH" failures="0" tests="3" name="Default test" time="5.119" errors="0" timestamp="2023-08-23T01:33:46 GMT">
  <testcase classname="testScripts.PlaceOrderTest" name="addToCardTest" time="0.005"/>
  <testcase classname="testScripts.PlaceOrderTest" name="checkoutTest" time="0.001"/>
  <testcase classname="testScripts.PlaceOrderTest" name="searchItemTest" time="0.2"/>
</testsuite> <!-- Default test -->
