<?xml version="1.0" encoding="UTF-8"?>
<testng-results ignored="0" total="3" passed="3" failed="0" skipped="0">
  <reporter-output>
  </reporter-output>
  <suite started-at="2023-08-23T01:33:41 GMT" name="Default suite" finished-at="2023-08-23T01:33:46 GMT" duration-ms="5119">
    <groups>
    </groups>
    <test started-at="2023-08-23T01:33:41 GMT" name="Default test" finished-at="2023-08-23T01:33:46 GMT" duration-ms="5119">
      <class name="testScripts.PlaceOrderTest">
        <test-method is-config="true" signature="setUp()[pri:0, instance:testScripts.PlaceOrderTest@d9345cd]" started-at="2023-08-23T01:33:41 GMT" name="setUp" finished-at="2023-08-23T01:33:46 GMT" duration-ms="4852" status="PASS">
          <reporter-output>
          </reporter-output>
        </test-method> <!-- setUp -->
        <test-method signature="addToCardTest()[pri:0, instance:testScripts.PlaceOrderTest@d9345cd]" started-at="2023-08-23T01:33:46 GMT" name="addToCardTest" finished-at="2023-08-23T01:33:46 GMT" duration-ms="5" status="PASS">
          <reporter-output>
          </reporter-output>
        </test-method> <!-- addToCardTest -->
        <test-method signature="checkoutTest()[pri:0, instance:testScripts.PlaceOrderTest@d9345cd]" started-at="2023-08-23T01:33:46 GMT" name="checkoutTest" finished-at="2023-08-23T01:33:46 GMT" duration-ms="1" status="PASS">
          <reporter-output>
          </reporter-output>
        </test-method> <!-- checkoutTest -->
        <test-method signature="searchItemTest()[pri:0, instance:testScripts.PlaceOrderTest@d9345cd]" started-at="2023-08-23T01:33:46 GMT" name="searchItemTest" finished-at="2023-08-23T01:33:46 GMT" duration-ms="200" status="PASS">
          <reporter-output>
          </reporter-output>
        </test-method> <!-- searchItemTest -->
      </class> <!-- testScripts.PlaceOrderTest -->
    </test> <!-- Default test -->
  </suite> <!-- Default suite -->
</testng-results>
